2026-02-15 14:42:14,368 : Test_OrangeHRM_Login_001 : test_verify_url_001 : INFO - Starting Test: Verify OrangeHRM Login Page URL
ionality
2026-02-15 14:42:14,621 : Test_OrangeHRM_Login_001 : test_OrangeHRM_Login_002 : INFO - Navigating to OrangeHRM Login Page
2026-02-15 14:42:27,190 : Test_OrangeHRM_Login_001 : test_verify_url_001 : INFO - OrangeHRM Login Page Loaded
2026-02-15 14:42:27,192 : Test_OrangeHRM_Login_001 : test_verify_url_001 : INFO - OrangeHRM Login Page URL Verified
2026-02-15 14:42:27,390 : Test_OrangeHRM_Login_001 : test_OrangeHRM_Login_002 : INFO - OrangeHRM Login Page Loaded
2026-02-15 14:42:27,390 : Test_OrangeHRM_Login_001 : test_OrangeHRM_Login_002 : INFO - Entering Username and Password
2026-02-15 14:42:27,714 : Test_OrangeHRM_Login_001 : test_verify_url_001 : INFO - Screenshot of Passed Test Saved
2026-02-15 14:42:28,125 : Test_OrangeHRM_Login_001 : test_verify_url_001 : INFO - test_verify_url_001 test Completed
2026-02-15 14:42:28,125 : Test_OrangeHRM_Login_001 : test_verify_url_001 : INFO - =============================================================
2026-02-15 14:42:29,295 : Test_OrangeHRM_Login_001 : test_OrangeHRM_Login_002 : INFO - Starting Test: Verify OrangeHRM Login Functionality
2026-02-15 14:42:29,296 : Test_OrangeHRM_Login_001 : test_OrangeHRM_Login_002 : INFO - Navigating to OrangeHRM Login Page
2026-02-15 14:42:32,536 : Test_OrangeHRM_Login_001 : test_OrangeHRM_Login_002 : INFO - OrangeHRM Login Page Loaded
2026-02-15 14:42:32,537 : Test_OrangeHRM_Login_001 : test_OrangeHRM_Login_002 : INFO - Entering Username and Password
2026-02-15 14:43:43,641 : Test_OrangeHRM_Login_001 : test_OrangeHRM_Login_002 : INFO - Starting Test: Verify OrangeHRM Login Functionality
2026-02-15 14:43:43,642 : Test_OrangeHRM_Login_001 : test_verify_url_001 : INFO - Navigating to OrangeHRM Login Page
2026-02-15 14:43:43,642 : Test_OrangeHRM_Login_001 : test_OrangeHRM_Login_002 : INFO - Navigating to OrangeHRM Login Page
2026-02-15 14:43:54,073 : Test_OrangeHRM_Login_001 : test_OrangeHRM_Login_002 : INFO - OrangeHRM Login Page Loaded
2026-02-15 14:43:54,073 : Test_OrangeHRM_Login_001 : test_OrangeHRM_Login_002 : INFO - Entering Username and Password
2026-02-15 14:43:54,280 : Test_OrangeHRM_Login_001 : test_verify_url_001 : INFO - OrangeHRM Login Page Loaded
2026-02-15 14:43:54,360 : Test_OrangeHRM_Login_001 : test_verify_url_001 : INFO - OrangeHRM Login Page URL Verified
2026-02-15 14:43:54,548 : Test_OrangeHRM_Login_001 : test_verify_url_001 : INFO - Screenshot of Passed Test Saved
2026-02-15 14:43:54,549 : Test_OrangeHRM_Login_001 : test_verify_url_001 : INFO - test_verify_url_001 test Completed
2026-02-15 14:43:54,549 : Test_OrangeHRM_Login_001 : test_verify_url_001 : INFO - =============================================================
2026-02-15 14:43:55,090 : Test_OrangeHRM_Login_001 : test_OrangeHRM_Login_002 : INFO - Starting Test: Verify OrangeHRM Login Functionality
2026-02-15 14:43:55,090 : Test_OrangeHRM_Login_001 : test_OrangeHRM_Login_002 : INFO - Navigating to OrangeHRM Login Page
2026-02-15 14:43:56,777 : Test_OrangeHRM_Login_001 : test_OrangeHRM_Login_002 : INFO - OrangeHRM Login Page Loaded
2026-02-15 14:43:56,777 : Test_OrangeHRM_Login_001 : test_OrangeHRM_Login_002 : INFO - Entering Username and Password
2026-02-15 14:44:29,232 : Test_OrangeHRM_Login_001 : test_OrangeHRM_Login_002 : INFO - Starting Test: Verify OrangeHRM Login Functionality
2026-02-15 14:44:29,232 : Test_OrangeHRM_Login_001 : test_OrangeHRM_Login_002 : INFO - Navigating to OrangeHRM Login Page
e URL
2026-02-15 14:44:29,232 : Test_OrangeHRM_Login_001 : test_verify_url_001 : INFO - Navigating to OrangeHRM Login Page
2026-02-15 14:44:40,712 : Test_OrangeHRM_Login_001 : test_verify_url_001 : INFO - OrangeHRM Login Page Loaded
2026-02-15 14:44:40,720 : Test_OrangeHRM_Login_001 : test_verify_url_001 : INFO - OrangeHRM Login Page URL Verified
2026-02-15 14:44:40,844 : Test_OrangeHRM_Login_001 : test_verify_url_001 : INFO - Screenshot of Passed Test Saved
2026-02-15 14:44:40,847 : Test_OrangeHRM_Login_001 : test_verify_url_001 : INFO - test_verify_url_001 test Completed
2026-02-15 14:44:40,847 : Test_OrangeHRM_Login_001 : test_verify_url_001 : INFO - =============================================================
2026-02-15 14:44:41,380 : Test_OrangeHRM_Login_001 : test_OrangeHRM_Login_002 : INFO - OrangeHRM Login Page Loaded
2026-02-15 14:44:41,381 : Test_OrangeHRM_Login_001 : test_OrangeHRM_Login_002 : INFO - Entering Username and Password
2026-02-15 14:44:42,398 : Test_OrangeHRM_Login_001 : test_OrangeHRM_Login_002 : INFO - Starting Test: Verify OrangeHRM Login Functionality
2026-02-15 14:44:42,399 : Test_OrangeHRM_Login_001 : test_OrangeHRM_Login_002 : INFO - Navigating to OrangeHRM Login Page
2026-02-15 14:44:43,277 : Test_OrangeHRM_Login_001 : test_OrangeHRM_Login_002 : INFO - OrangeHRM Login Page Loaded
2026-02-15 14:44:43,277 : Test_OrangeHRM_Login_001 : test_OrangeHRM_Login_002 : INFO - Entering Username and Password
2026-02-15 14:47:20,400 : Test_OrangeHRM_Login_001 : test_verify_url_001 : INFO - Starting Test: Verify OrangeHRM Login Page URL
2026-02-15 14:47:20,401 : Test_OrangeHRM_Login_001 : test_verify_url_001 : INFO - Navigating to OrangeHRM Login Page
2026-02-15 14:47:35,924 : Test_OrangeHRM_Login_001 : test_verify_url_001 : INFO - OrangeHRM Login Page Loaded
2026-02-15 14:47:35,932 : Test_OrangeHRM_Login_001 : test_verify_url_001 : INFO - OrangeHRM Login Page URL Verified
2026-02-15 14:47:36,054 : Test_OrangeHRM_Login_001 : test_verify_url_001 : INFO - Screenshot of Passed Test Saved
2026-02-15 14:47:36,056 : Test_OrangeHRM_Login_001 : test_verify_url_001 : INFO - test_verify_url_001 test Completed
2026-02-15 14:47:36,056 : Test_OrangeHRM_Login_001 : test_verify_url_001 : INFO - =============================================================
2026-02-15 14:52:37,370 : Test_OrangeHRM_Login_001 : test_OrangeHRM_Login_002 : INFO - Starting Test: Verify OrangeHRM Login Functionality
2026-02-15 14:52:37,371 : Test_OrangeHRM_Login_001 : test_OrangeHRM_Login_002 : INFO - Navigating to OrangeHRM Login Page
2026-02-15 14:52:37,458 : Test_OrangeHRM_Login_001 : test_verify_url_001 : INFO - Starting Test: Verify OrangeHRM Login Page URL
2026-02-15 14:52:37,459 : Test_OrangeHRM_Login_001 : test_verify_url_001 : INFO - Navigating to OrangeHRM Login Page
2026-02-15 14:52:51,078 : Test_OrangeHRM_Login_001 : test_verify_url_001 : INFO - OrangeHRM Login Page Loaded
2026-02-15 14:52:51,085 : Test_OrangeHRM_Login_001 : test_verify_url_001 : INFO - OrangeHRM Login Page URL Verified
2026-02-15 14:52:51,222 : Test_OrangeHRM_Login_001 : test_verify_url_001 : INFO - Screenshot of Passed Test Saved
2026-02-15 14:52:51,223 : Test_OrangeHRM_Login_001 : test_verify_url_001 : INFO - test_verify_url_001 test Completed
2026-02-15 14:52:51,223 : Test_OrangeHRM_Login_001 : test_verify_url_001 : INFO - =============================================================
2026-02-15 14:52:51,920 : Test_OrangeHRM_Login_001 : test_OrangeHRM_Login_002 : INFO - OrangeHRM Login Page Loaded
2026-02-15 14:52:51,921 : Test_OrangeHRM_Login_001 : test_OrangeHRM_Login_002 : INFO - Entering Username and Password
2026-02-15 14:52:53,741 : Test_OrangeHRM_Login_001 : test_OrangeHRM_Login_002 : INFO - Starting Test: Verify OrangeHRM Login Functionality
2026-02-15 14:52:53,741 : Test_OrangeHRM_Login_001 : test_OrangeHRM_Login_002 : INFO - Navigating to OrangeHRM Login Page
2026-02-15 14:52:54,387 : Test_OrangeHRM_Login_001 : test_OrangeHRM_Login_002 : INFO - OrangeHRM Login Page Loaded
2026-02-15 14:52:54,387 : Test_OrangeHRM_Login_001 : test_OrangeHRM_Login_002 : INFO - Entering Username and Password
2026-02-15 14:53:52,413 : Test_OrangeHRM_Login_001 : test_OrangeHRM_Login_002 : INFO - Starting Test: Verify OrangeHRM Login Functionality
2026-02-15 14:53:52,413 : Test_OrangeHRM_Login_001 : test_OrangeHRM_Login_002 : INFO - Navigating to OrangeHRM Login Page
2026-02-15 14:53:52,701 : Test_OrangeHRM_Login_001 : test_verify_url_001 : INFO - Starting Test: Verify OrangeHRM Login Page URL
2026-02-15 14:53:52,701 : Test_OrangeHRM_Login_001 : test_verify_url_001 : INFO - Navigating to OrangeHRM Login Page
2026-02-15 14:54:06,063 : Test_OrangeHRM_Login_001 : test_OrangeHRM_Login_002 : INFO - OrangeHRM Login Page Loaded
2026-02-15 14:54:06,063 : Test_OrangeHRM_Login_001 : test_OrangeHRM_Login_002 : INFO - Entering Username and Password
2026-02-15 14:54:07,136 : Test_OrangeHRM_Login_001 : test_verify_url_001 : INFO - OrangeHRM Login Page Loaded
2026-02-15 14:54:07,144 : Test_OrangeHRM_Login_001 : test_verify_url_001 : INFO - OrangeHRM Login Page URL Verified
2026-02-15 14:54:07,279 : Test_OrangeHRM_Login_001 : test_verify_url_001 : INFO - Screenshot of Passed Test Saved
2026-02-15 14:54:07,281 : Test_OrangeHRM_Login_001 : test_verify_url_001 : INFO - test_verify_url_001 test Completed
2026-02-15 14:54:07,281 : Test_OrangeHRM_Login_001 : test_verify_url_001 : INFO - =============================================================
2026-02-15 14:54:07,579 : Test_OrangeHRM_Login_001 : test_OrangeHRM_Login_002 : INFO - Clicking Login Button
2026-02-15 14:54:07,661 : Test_OrangeHRM_Login_001 : test_OrangeHRM_Login_002 : INFO - Login Attempt Completed
2026-02-15 14:54:11,149 : Test_OrangeHRM_Login_001 : test_OrangeHRM_Login_002 : INFO - Login Successful
2026-02-15 14:54:11,393 : Test_OrangeHRM_Login_001 : test_OrangeHRM_Login_002 : INFO - Screenshot of Passed Test Saved
2026-02-15 14:54:14,428 : Test_OrangeHRM_Login_001 : test_OrangeHRM_Login_002 : INFO - test_OrangeHRM_Login_002 test Completed
2026-02-15 14:54:14,428 : Test_OrangeHRM_Login_001 : test_OrangeHRM_Login_002 : INFO - =============================================================
